<?xml version="1.0" encoding="UTF-8"?>
<testsuite name="regression Test"
           tests="4"
           failures="0"
           errors="0"
           skipped="0"
           time="5.229">
  <properties />
  
  
            <testcase name="verifyUserShouldNavigateToLoginPage" time="0.558" classname="com.nopcommerce.demo.testsuite.LoginPageTest" />
                <testcase name="verifyThatUserShouldLogOutSuccessFully" time="1.863" classname="com.nopcommerce.demo.testsuite.LoginPageTest" />
                <testcase name="verifyErrorMessageWithInvalidCredentials" time="1.059" classname="com.nopcommerce.demo.testsuite.LoginPageTest" />
                <testcase name="verifyThatUserShouldLogInSuccessFullyWithValidCredentials" time="1.749" classname="com.nopcommerce.demo.testsuite.LoginPageTest" />
      
</testsuite>
